# JRE version: OpenJDK Runtime Environment (8.0_242-b01) (build 1.8.0_242-release-1644-b01)
# Java VM: OpenJDK 64-Bit Server VM (25.242-b01 mixed mode windows-amd64 compressed oops)
Heap:
 PSYoungGen      total 578560K, used 240309K [0x00000000d5580000, 0x0000000100000000, 0x0000000100000000)
  eden space 484864K, 31% used [0x00000000d5580000,0x00000000debac700,0x00000000f2f00000)
  from space 93696K, 92% used [0x00000000f9e00000,0x00000000ff280f68,0x00000000ff980000)
  to   space 107008K, 0% used [0x00000000f2f00000,0x00000000f2f00000,0x00000000f9780000)
 ParOldGen       total 185344K, used 124103K [0x0000000080000000, 0x000000008b500000, 0x00000000d5580000)
  object space 185344K, 66% used [0x0000000080000000,0x0000000087931fd0,0x000000008b500000)
 Metaspace       used 102246K, capacity 108316K, committed 108568K, reserved 1144832K
  class space    used 13008K, capacity 14070K, committed 14128K, reserved 1048576K
GC Heap History (10 events):
Event: 793.310 GC heap before
{Heap before GC invocations=29 (full 5):
 PSYoungGen      total 595456K, used 548863K [0x00000000d5580000, 0x0000000100000000, 0x0000000100000000)
  eden space 492032K, 100% used [0x00000000d5580000,0x00000000f3600000,0x00000000f3600000)
  from space 103424K, 54% used [0x00000000f3600000,0x00000000f6d7fd08,0x00000000f9b00000)
  to   space 102912K, 0% used [0x00000000f9b80000,0x00000000f9b80000,0x0000000100000000)
 ParOldGen       total 185344K, used 95633K [0x0000000080000000, 0x000000008b500000, 0x00000000d5580000)
  object space 185344K, 51% used [0x0000000080000000,0x0000000085d64568,0x000000008b500000)
 Metaspace       used 100862K, capacity 106412K, committed 106648K, reserved 1142784K
  class space    used 12914K, capacity 13936K, committed 14000K, reserved 1048576K
Event: 793.549 GC heap after
Heap after GC invocations=29 (full 5):
 PSYoungGen      total 591872K, used 16003K [0x00000000d5580000, 0x00000000ffc80000, 0x0000000100000000)
  eden space 492544K, 0% used [0x00000000d5580000,0x00000000d5580000,0x00000000f3680000)
  from space 99328K, 16% used [0x00000000f9b80000,0x00000000fab20e20,0x00000000ffc80000)
  to   space 101376K, 0% used [0x00000000f3680000,0x00000000f3680000,0x00000000f9980000)
 ParOldGen       total 185344K, used 121696K [0x0000000080000000, 0x000000008b500000, 0x00000000d5580000)
  object space 185344K, 65% used [0x0000000080000000,0x00000000876d8168,0x000000008b500000)
 Metaspace       used 100862K, capacity 106412K, committed 106648K, reserved 1142784K
  class space    used 12914K, capacity 13936K, committed 14000K, reserved 1048576K
}
Event: 860.644 GC heap before
{Heap before GC invocations=30 (full 5):
 PSYoungGen      total 591872K, used 508547K [0x00000000d5580000, 0x00000000ffc80000, 0x0000000100000000)
  eden space 492544K, 100% used [0x00000000d5580000,0x00000000f3680000,0x00000000f3680000)
  from space 99328K, 16% used [0x00000000f9b80000,0x00000000fab20e20,0x00000000ffc80000)
  to   space 101376K, 0% used [0x00000000f3680000,0x00000000f3680000,0x00000000f9980000)
 ParOldGen       total 185344K, used 121696K [0x0000000080000000, 0x000000008b500000, 0x00000000d5580000)
  object space 185344K, 65% used [0x0000000080000000,0x00000000876d8168,0x000000008b500000)
 Metaspace       used 101518K, capacity 107362K, committed 107544K, reserved 1142784K
  class space    used 12987K, capacity 14033K, committed 14128K, reserved 1048576K
Event: 860.682 GC heap after
Heap after GC invocations=30 (full 5):
 PSYoungGen      total 593920K, used 16000K [0x00000000d5580000, 0x00000000ffe00000, 0x0000000100000000)
  eden space 492544K, 0% used [0x00000000d5580000,0x00000000d5580000,0x00000000f3680000)
  from space 101376K, 15% used [0x00000000f3680000,0x00000000f4620208,0x00000000f9980000)
  to   space 99328K, 0% used [0x00000000f9d00000,0x00000000f9d00000,0x00000000ffe00000)
 ParOldGen       total 185344K, used 124079K [0x0000000080000000, 0x000000008b500000, 0x00000000d5580000)
  object space 185344K, 66% used [0x0000000080000000,0x000000008792bfd0,0x000000008b500000)
 Metaspace       used 101518K, capacity 107362K, committed 107544K, reserved 1142784K
  class space    used 12987K, capacity 14033K, committed 14128K, reserved 1048576K
}
Event: 1202.852 GC heap before
{Heap before GC invocations=31 (full 5):
 PSYoungGen      total 593920K, used 508544K [0x00000000d5580000, 0x00000000ffe00000, 0x0000000100000000)
  eden space 492544K, 100% used [0x00000000d5580000,0x00000000f3680000,0x00000000f3680000)
  from space 101376K, 15% used [0x00000000f3680000,0x00000000f4620208,0x00000000f9980000)
  to   space 99328K, 0% used [0x00000000f9d00000,0x00000000f9d00000,0x00000000ffe00000)
 ParOldGen       total 185344K, used 124079K [0x0000000080000000, 0x000000008b500000, 0x00000000d5580000)
  object space 185344K, 66% used [0x0000000080000000,0x000000008792bfd0,0x000000008b500000)
 Metaspace       used 101841K, capacity 107834K, committed 108056K, reserved 1142784K
  class space    used 13007K, capacity 14069K, committed 14128K, reserved 1048576K
Event: 1202.877 GC heap after
Heap after GC invocations=31 (full 5):
 PSYoungGen      total 594432K, used 10072K [0x00000000d5580000, 0x00000000ffb00000, 0x0000000100000000)
  eden space 498176K, 0% used [0x00000000d5580000,0x00000000d5580000,0x00000000f3c00000)
  from space 96256K, 10% used [0x00000000f9d00000,0x00000000fa6d6180,0x00000000ffb00000)
  to   space 97792K, 0% used [0x00000000f3c00000,0x00000000f3c00000,0x00000000f9b80000)
 ParOldGen       total 185344K, used 124087K [0x0000000080000000, 0x000000008b500000, 0x00000000d5580000)
  object space 185344K, 66% used [0x0000000080000000,0x000000008792dfd0,0x000000008b500000)
 Metaspace       used 101841K, capacity 107834K, committed 108056K, reserved 1142784K
  class space    used 13007K, capacity 14069K, committed 14128K, reserved 1048576K
}
Event: 1207.474 GC heap before
{Heap before GC invocations=32 (full 5):
 PSYoungGen      total 594432K, used 508248K [0x00000000d5580000, 0x00000000ffb00000, 0x0000000100000000)
  eden space 498176K, 100% used [0x00000000d5580000,0x00000000f3c00000,0x00000000f3c00000)
  from space 96256K, 10% used [0x00000000f9d00000,0x00000000fa6d6180,0x00000000ffb00000)
  to   space 97792K, 0% used [0x00000000f3c00000,0x00000000f3c00000,0x00000000f9b80000)
 ParOldGen       total 185344K, used 124087K [0x0000000080000000, 0x000000008b500000, 0x00000000d5580000)
  object space 185344K, 66% used [0x0000000080000000,0x000000008792dfd0,0x000000008b500000)
 Metaspace       used 102212K, capacity 108312K, committed 108568K, reserved 1144832K
  class space    used 13008K, capacity 14070K, committed 14128K, reserved 1048576K
Event: 1207.545 GC heap after
Heap after GC invocations=32 (full 5):
 PSYoungGen      total 595968K, used 41327K [0x00000000d5580000, 0x00000000ff980000, 0x0000000100000000)
  eden space 498176K, 0% used [0x00000000d5580000,0x00000000d5580000,0x00000000f3c00000)
  from space 97792K, 42% used [0x00000000f3c00000,0x00000000f645bd00,0x00000000f9b80000)
  to   space 93696K, 0% used [0x00000000f9e00000,0x00000000f9e00000,0x00000000ff980000)
 ParOldGen       total 185344K, used 124095K [0x0000000080000000, 0x000000008b500000, 0x00000000d5580000)
  object space 185344K, 66% used [0x0000000080000000,0x000000008792ffd0,0x000000008b500000)
 Metaspace       used 102212K, capacity 108312K, committed 108568K, reserved 1144832K
  class space    used 13008K, capacity 14070K, committed 14128K, reserved 1048576K
}
Event: 1209.340 GC heap before
{Heap before GC invocations=33 (full 5):
 PSYoungGen      total 595968K, used 539503K [0x00000000d5580000, 0x00000000ff980000, 0x0000000100000000)
  eden space 498176K, 100% used [0x00000000d5580000,0x00000000f3c00000,0x00000000f3c00000)
  from space 97792K, 42% used [0x00000000f3c00000,0x00000000f645bd00,0x00000000f9b80000)
  to   space 93696K, 0% used [0x00000000f9e00000,0x00000000f9e00000,0x00000000ff980000)
 ParOldGen       total 185344K, used 124095K [0x0000000080000000, 0x000000008b500000, 0x00000000d5580000)
  object space 185344K, 66% used [0x0000000080000000,0x000000008792ffd0,0x000000008b500000)
 Metaspace       used 102244K, capacity 108316K, committed 108568K, reserved 1144832K
  class space    used 13008K, capacity 14070K, committed 14128K, reserved 1048576K
Event: 1209.531 GC heap after
Heap after GC invocations=33 (full 5):
 PSYoungGen      total 578560K, used 86531K [0x00000000d5580000, 0x0000000100000000, 0x0000000100000000)
  eden space 484864K, 0% used [0x00000000d5580000,0x00000000d5580000,0x00000000f2f00000)
  from space 93696K, 92% used [0x00000000f9e00000,0x00000000ff280f68,0x00000000ff980000)
  to   space 107008K, 0% used [0x00000000f2f00000,0x00000000f2f00000,0x00000000f9780000)
 ParOldGen       total 185344K, used 124103K [0x0000000080000000, 0x000000008b500000, 0x00000000d5580000)
  object space 185344K, 66% used [0x0000000080000000,0x0000000087931fd0,0x000000008b500000)
 Metaspace       used 102244K, capacity 108316K, committed 108568K, reserved 1144832K
  class space    used 13008K, capacity 14070K, committed 14128K, reserved 1048576K
}

